I, [2015-10-26T19:42:36.396478 #26129]  INFO -- : Cleared interactions before example "AnimalServiceClient get_alligator returns an alligator"
I, [2015-10-26T19:42:36.400365 #26129]  INFO -- : Registered expected interaction GET /alligator
D, [2015-10-26T19:42:36.400445 #26129] DEBUG -- : {
  "description": "a request for an alligator",
  "provider_state": "an alligator exists",
  "request": {
    "method": "get",
    "path": "/alligator",
    "query": ""
  },
  "response": {
    "status": 200,
    "headers": {
      "Content-Type": "application/json"
    },
    "body": {
      "name": "Betty"
    }
  }
}
W, [2015-10-26T19:42:36.404022 #26129]  WARN -- : Verifying - actual interactions do not match expected interactions for example "AnimalServiceClient get_alligator returns an alligator". 
Missing requests:
	GET /alligator


W, [2015-10-26T19:42:36.404050 #26129]  WARN -- : Missing requests:
	GET /alligator


I, [2015-10-26T19:42:36.407898 #26129]  INFO -- : Writing pact with details {:consumer=>{:name=>"Zoo App"}, :provider=>{:name=>"Animal Service"}, :pactfile_write_mode=>"overwrite", :pact_dir=>"/Users/julien/Projects/my-pact/zoo-app/spec/pacts"}
I, [2015-10-26T19:42:36.407965 #26129]  INFO -- : Writing pact for Animal Service to /Users/julien/Projects/my-pact/zoo-app/spec/pacts/zoo_app-animal_service.json
